<?xml version="1.0" encoding="UTF-8"?>
<testng-results skipped="0" failed="3" total="3" passed="0">
  <reporter-output>
  </reporter-output>
  <suite name="Default suite" duration-ms="61408" started-at="2013-07-31T22:28:03Z" finished-at="2013-07-31T22:29:04Z">
    <groups>
    </groups>
    <test name="Default test" duration-ms="61408" started-at="2013-07-31T22:28:03Z" finished-at="2013-07-31T22:29:04Z">
      <class name="com.crengland.qa.selenium.tests.SomeTest">
        <test-method status="PASS" signature="setup()[pri:0, instance:com.crengland.qa.selenium.tests.SomeTest@d576e70]" name="setup" is-config="true" duration-ms="43277" started-at="2013-07-31T16:28:03Z" finished-at="2013-07-31T16:28:46Z">
          <reporter-output>
          </reporter-output>
        </test-method> <!-- setup -->
        <test-method status="FAIL" signature="Test()[pri:0, instance:com.crengland.qa.selenium.tests.SomeTest@d576e70]" name="Test" duration-ms="7995" started-at="2013-07-31T16:28:46Z" finished-at="2013-07-31T16:28:54Z">
          <exception class="org.openqa.selenium.NoSuchElementException">
            <message>
              <![CDATA[Unable to locate element: {"method":"id","selector":"driverType1"}
Command duration or timeout: 16 milliseconds
For documentation on this error, please visit: http://seleniumhq.org/exceptions/no_such_element.html
Build info: version: '2.33.0', revision: '4e90c97', time: '2013-05-22 15:33:32'
System info: os.name: 'Mac OS X', os.arch: 'x86_64', os.version: '10.8.4', java.version: '1.6.0_51'
Session ID: f5a45a67-4c48-9142-87f4-9d2eb2b3990e
Driver info: org.openqa.selenium.firefox.FirefoxDriver
Capabilities [{platform=MAC, acceptSslCerts=true, javascriptEnabled=true, browserName=firefox, rotatable=false, locationContextEnabled=true, version=19.0, cssSelectorsEnabled=true, databaseEnabled=true, handlesAlerts=true, browserConnectionEnabled=true, nativeEvents=false, webStorageEnabled=true, applicationCacheEnabled=true, takesScreenshot=true}]]]>
            </message>
            <full-stacktrace>
              <![CDATA[org.openqa.selenium.NoSuchElementException: Unable to locate element: {"method":"id","selector":"driverType1"}
Command duration or timeout: 16 milliseconds
For documentation on this error, please visit: http://seleniumhq.org/exceptions/no_such_element.html
Build info: version: '2.33.0', revision: '4e90c97', time: '2013-05-22 15:33:32'
System info: os.name: 'Mac OS X', os.arch: 'x86_64', os.version: '10.8.4', java.version: '1.6.0_51'
Session ID: f5a45a67-4c48-9142-87f4-9d2eb2b3990e
Driver info: org.openqa.selenium.firefox.FirefoxDriver
Capabilities [{platform=MAC, acceptSslCerts=true, javascriptEnabled=true, browserName=firefox, rotatable=false, locationContextEnabled=true, version=19.0, cssSelectorsEnabled=true, databaseEnabled=true, handlesAlerts=true, browserConnectionEnabled=true, nativeEvents=false, webStorageEnabled=true, applicationCacheEnabled=true, takesScreenshot=true}]
	at sun.reflect.NativeConstructorAccessorImpl.newInstance0(Native Method)
	at sun.reflect.NativeConstructorAccessorImpl.newInstance(NativeConstructorAccessorImpl.java:39)
	at sun.reflect.DelegatingConstructorAccessorImpl.newInstance(DelegatingConstructorAccessorImpl.java:27)
	at java.lang.reflect.Constructor.newInstance(Constructor.java:513)
	at org.openqa.selenium.remote.ErrorHandler.createThrowable(ErrorHandler.java:191)
	at org.openqa.selenium.remote.ErrorHandler.throwIfResponseFailed(ErrorHandler.java:145)
	at org.openqa.selenium.remote.RemoteWebDriver.execute(RemoteWebDriver.java:554)
	at org.openqa.selenium.remote.RemoteWebDriver.findElement(RemoteWebDriver.java:307)
	at org.openqa.selenium.remote.RemoteWebDriver.findElementById(RemoteWebDriver.java:348)
	at org.openqa.selenium.By$ById.findElement(By.java:216)
	at org.openqa.selenium.remote.RemoteWebDriver.findElement(RemoteWebDriver.java:299)
	at org.openqa.selenium.support.pagefactory.DefaultElementLocator.findElement(DefaultElementLocator.java:59)
	at org.openqa.selenium.support.pagefactory.internal.LocatingElementHandler.invoke(LocatingElementHandler.java:34)
	at com.sun.proxy.$Proxy8.click(Unknown Source)
	at com.crengland.qa.selenium.pageobjects.careertrak.AddDriverModal.addCompanyDriverToPosition(AddDriverModal.java:37)
	at com.crengland.qa.selenium.tests.SomeTest.Test(SomeTest.java:83)
	at sun.reflect.NativeMethodAccessorImpl.invoke0(Native Method)
	at sun.reflect.NativeMethodAccessorImpl.invoke(NativeMethodAccessorImpl.java:39)
	at sun.reflect.DelegatingMethodAccessorImpl.invoke(DelegatingMethodAccessorImpl.java:25)
	at java.lang.reflect.Method.invoke(Method.java:597)
	at org.testng.internal.MethodInvocationHelper.invokeMethod(MethodInvocationHelper.java:84)
	at org.testng.internal.Invoker.invokeMethod(Invoker.java:714)
	at org.testng.internal.Invoker.invokeTestMethod(Invoker.java:901)
	at org.testng.internal.Invoker.invokeTestMethods(Invoker.java:1231)
	at org.testng.internal.TestMethodWorker.invokeTestMethods(TestMethodWorker.java:127)
	at org.testng.internal.TestMethodWorker.run(TestMethodWorker.java:111)
	at org.testng.TestRunner.privateRun(TestRunner.java:767)
	at org.testng.TestRunner.run(TestRunner.java:617)
	at org.testng.SuiteRunner.runTest(SuiteRunner.java:335)
	at org.testng.SuiteRunner.runSequentially(SuiteRunner.java:330)
	at org.testng.SuiteRunner.privateRun(SuiteRunner.java:291)
	at org.testng.SuiteRunner.run(SuiteRunner.java:240)
	at org.testng.SuiteRunnerWorker.runSuite(SuiteRunnerWorker.java:52)
	at org.testng.SuiteRunnerWorker.run(SuiteRunnerWorker.java:86)
	at org.testng.TestNG.runSuitesSequentially(TestNG.java:1224)
	at org.testng.TestNG.runSuitesLocally(TestNG.java:1149)
	at org.testng.TestNG.run(TestNG.java:1057)
	at org.testng.remote.RemoteTestNG.run(RemoteTestNG.java:111)
	at org.testng.remote.RemoteTestNG.initAndRun(RemoteTestNG.java:204)
	at org.testng.remote.RemoteTestNG.main(RemoteTestNG.java:175)
Caused by: org.openqa.selenium.remote.ErrorHandler$UnknownServerException: Unable to locate element: {"method":"id","selector":"driverType1"}
Build info: version: '2.33.0', revision: '4e90c97', time: '2013-05-22 15:33:32'
System info: os.name: 'Mac OS X', os.arch: 'x86_64', os.version: '10.8.4', java.version: '1.6.0_51'
Driver info: driver.version: unknown
	at <anonymous class>.FirefoxDriver.prototype.findElementInternal_(file:///var/folders/jk/0qdk3rh90nn8ht5_nffxln0h0000gn/T/anonymous341034414460239425webdriver-profile/extensions/fxdriver@googlecode.com/components/driver_component.js:8444)
	at <anonymous class>.FirefoxDriver.prototype.findElement(file:///var/folders/jk/0qdk3rh90nn8ht5_nffxln0h0000gn/T/anonymous341034414460239425webdriver-profile/extensions/fxdriver@googlecode.com/components/driver_component.js:8453)
	at <anonymous class>.DelayedCommand.prototype.executeInternal_/h(file:///var/folders/jk/0qdk3rh90nn8ht5_nffxln0h0000gn/T/anonymous341034414460239425webdriver-profile/extensions/fxdriver@googlecode.com/components/command_processor.js:10456)
	at <anonymous class>.DelayedCommand.prototype.executeInternal_(file:///var/folders/jk/0qdk3rh90nn8ht5_nffxln0h0000gn/T/anonymous341034414460239425webdriver-profile/extensions/fxdriver@googlecode.com/components/command_processor.js:10461)
	at <anonymous class>.DelayedCommand.prototype.execute/<(file:///var/folders/jk/0qdk3rh90nn8ht5_nffxln0h0000gn/T/anonymous341034414460239425webdriver-profile/extensions/fxdriver@googlecode.com/components/command_processor.js:10401)
]]>
            </full-stacktrace>
          </exception> <!-- org.openqa.selenium.NoSuchElementException -->
          <reporter-output>
          </reporter-output>
        </test-method> <!-- Test -->
        <test-method status="FAIL" signature="testDoesPositionExists()[pri:0, instance:com.crengland.qa.selenium.tests.SomeTest@d576e70]" name="testDoesPositionExists" duration-ms="2" started-at="2013-07-31T16:28:54Z" finished-at="2013-07-31T16:28:54Z">
          <exception class="java.lang.NullPointerException">
            <full-stacktrace>
              <![CDATA[java.lang.NullPointerException
	at com.crengland.qa.selenium.pageobjects.careertrak.AvailableTeamPositionsPage.openNewPositionModal(AvailableTeamPositionsPage.java:53)
	at com.crengland.qa.selenium.pageobjects.careertrak.PositionModal.postNewPosition(PositionModal.java:63)
	at com.crengland.qa.selenium.tests.SomeTest.testDoesPositionExists(SomeTest.java:61)
	at sun.reflect.NativeMethodAccessorImpl.invoke0(Native Method)
	at sun.reflect.NativeMethodAccessorImpl.invoke(NativeMethodAccessorImpl.java:39)
	at sun.reflect.DelegatingMethodAccessorImpl.invoke(DelegatingMethodAccessorImpl.java:25)
	at java.lang.reflect.Method.invoke(Method.java:597)
	at org.testng.internal.MethodInvocationHelper.invokeMethod(MethodInvocationHelper.java:84)
	at org.testng.internal.Invoker.invokeMethod(Invoker.java:714)
	at org.testng.internal.Invoker.invokeTestMethod(Invoker.java:901)
	at org.testng.internal.Invoker.invokeTestMethods(Invoker.java:1231)
	at org.testng.internal.TestMethodWorker.invokeTestMethods(TestMethodWorker.java:127)
	at org.testng.internal.TestMethodWorker.run(TestMethodWorker.java:111)
	at org.testng.TestRunner.privateRun(TestRunner.java:767)
	at org.testng.TestRunner.run(TestRunner.java:617)
	at org.testng.SuiteRunner.runTest(SuiteRunner.java:335)
	at org.testng.SuiteRunner.runSequentially(SuiteRunner.java:330)
	at org.testng.SuiteRunner.privateRun(SuiteRunner.java:291)
	at org.testng.SuiteRunner.run(SuiteRunner.java:240)
	at org.testng.SuiteRunnerWorker.runSuite(SuiteRunnerWorker.java:52)
	at org.testng.SuiteRunnerWorker.run(SuiteRunnerWorker.java:86)
	at org.testng.TestNG.runSuitesSequentially(TestNG.java:1224)
	at org.testng.TestNG.runSuitesLocally(TestNG.java:1149)
	at org.testng.TestNG.run(TestNG.java:1057)
	at org.testng.remote.RemoteTestNG.run(RemoteTestNG.java:111)
	at org.testng.remote.RemoteTestNG.initAndRun(RemoteTestNG.java:204)
	at org.testng.remote.RemoteTestNG.main(RemoteTestNG.java:175)
]]>
            </full-stacktrace>
          </exception> <!-- java.lang.NullPointerException -->
          <reporter-output>
          </reporter-output>
        </test-method> <!-- testDoesPositionExists -->
        <test-method status="FAIL" signature="testDriverIsEligibleForPosition()[pri:0, instance:com.crengland.qa.selenium.tests.SomeTest@d576e70]" name="testDriverIsEligibleForPosition" duration-ms="10053" started-at="2013-07-31T16:28:54Z" finished-at="2013-07-31T16:29:04Z">
          <exception class="org.openqa.selenium.TimeoutException">
            <message>
              <![CDATA[Timed out after 10 seconds waiting for visibility of element located by By.id: openPositionsContent
Build info: version: '2.33.0', revision: '4e90c97', time: '2013-05-22 15:33:32'
System info: os.name: 'Mac OS X', os.arch: 'x86_64', os.version: '10.8.4', java.version: '1.6.0_51'
Driver info: driver.version: unknown]]>
            </message>
            <full-stacktrace>
              <![CDATA[org.openqa.selenium.TimeoutException: Timed out after 10 seconds waiting for visibility of element located by By.id: openPositionsContent
Build info: version: '2.33.0', revision: '4e90c97', time: '2013-05-22 15:33:32'
System info: os.name: 'Mac OS X', os.arch: 'x86_64', os.version: '10.8.4', java.version: '1.6.0_51'
Driver info: driver.version: unknown
	at org.openqa.selenium.support.ui.FluentWait.timeoutException(FluentWait.java:259)
	at org.openqa.selenium.support.ui.FluentWait.until(FluentWait.java:228)
	at com.crengland.qa.selenium.pageobjects.careertrak.AvailableTeamPositionsPage.selectPosition(AvailableTeamPositionsPage.java:66)
	at com.crengland.qa.selenium.tests.SomeTest.testDriverIsEligibleForPosition(SomeTest.java:44)
	at sun.reflect.NativeMethodAccessorImpl.invoke0(Native Method)
	at sun.reflect.NativeMethodAccessorImpl.invoke(NativeMethodAccessorImpl.java:39)
	at sun.reflect.DelegatingMethodAccessorImpl.invoke(DelegatingMethodAccessorImpl.java:25)
	at java.lang.reflect.Method.invoke(Method.java:597)
	at org.testng.internal.MethodInvocationHelper.invokeMethod(MethodInvocationHelper.java:84)
	at org.testng.internal.Invoker.invokeMethod(Invoker.java:714)
	at org.testng.internal.Invoker.invokeTestMethod(Invoker.java:901)
	at org.testng.internal.Invoker.invokeTestMethods(Invoker.java:1231)
	at org.testng.internal.TestMethodWorker.invokeTestMethods(TestMethodWorker.java:127)
	at org.testng.internal.TestMethodWorker.run(TestMethodWorker.java:111)
	at org.testng.TestRunner.privateRun(TestRunner.java:767)
	at org.testng.TestRunner.run(TestRunner.java:617)
	at org.testng.SuiteRunner.runTest(SuiteRunner.java:335)
	at org.testng.SuiteRunner.runSequentially(SuiteRunner.java:330)
	at org.testng.SuiteRunner.privateRun(SuiteRunner.java:291)
	at org.testng.SuiteRunner.run(SuiteRunner.java:240)
	at org.testng.SuiteRunnerWorker.runSuite(SuiteRunnerWorker.java:52)
	at org.testng.SuiteRunnerWorker.run(SuiteRunnerWorker.java:86)
	at org.testng.TestNG.runSuitesSequentially(TestNG.java:1224)
	at org.testng.TestNG.runSuitesLocally(TestNG.java:1149)
	at org.testng.TestNG.run(TestNG.java:1057)
	at org.testng.remote.RemoteTestNG.run(RemoteTestNG.java:111)
	at org.testng.remote.RemoteTestNG.initAndRun(RemoteTestNG.java:204)
	at org.testng.remote.RemoteTestNG.main(RemoteTestNG.java:175)
Caused by: org.openqa.selenium.NoSuchElementException: Unable to locate element: {"method":"id","selector":"openPositionsContent"}
Command duration or timeout: 12 milliseconds
For documentation on this error, please visit: http://seleniumhq.org/exceptions/no_such_element.html
Build info: version: '2.33.0', revision: '4e90c97', time: '2013-05-22 15:33:32'
System info: os.name: 'Mac OS X', os.arch: 'x86_64', os.version: '10.8.4', java.version: '1.6.0_51'
Session ID: f5a45a67-4c48-9142-87f4-9d2eb2b3990e
Driver info: org.openqa.selenium.firefox.FirefoxDriver
Capabilities [{platform=MAC, acceptSslCerts=true, javascriptEnabled=true, browserName=firefox, rotatable=false, locationContextEnabled=true, version=19.0, cssSelectorsEnabled=true, databaseEnabled=true, handlesAlerts=true, browserConnectionEnabled=true, nativeEvents=false, webStorageEnabled=true, applicationCacheEnabled=true, takesScreenshot=true}]
	at sun.reflect.GeneratedConstructorAccessor18.newInstance(Unknown Source)
	at sun.reflect.DelegatingConstructorAccessorImpl.newInstance(DelegatingConstructorAccessorImpl.java:27)
	at java.lang.reflect.Constructor.newInstance(Constructor.java:513)
	at org.openqa.selenium.remote.ErrorHandler.createThrowable(ErrorHandler.java:191)
	at org.openqa.selenium.remote.ErrorHandler.throwIfResponseFailed(ErrorHandler.java:145)
	at org.openqa.selenium.remote.RemoteWebDriver.execute(RemoteWebDriver.java:554)
	at org.openqa.selenium.remote.RemoteWebDriver.findElement(RemoteWebDriver.java:307)
	at org.openqa.selenium.remote.RemoteWebDriver.findElementById(RemoteWebDriver.java:348)
	at org.openqa.selenium.By$ById.findElement(By.java:216)
	at org.openqa.selenium.remote.RemoteWebDriver.findElement(RemoteWebDriver.java:299)
	at org.openqa.selenium.support.ui.ExpectedConditions.findElement(ExpectedConditions.java:522)
	at org.openqa.selenium.support.ui.ExpectedConditions.access$0(ExpectedConditions.java:520)
	at org.openqa.selenium.support.ui.ExpectedConditions$4.apply(ExpectedConditions.java:130)
	at org.openqa.selenium.support.ui.ExpectedConditions$4.apply(ExpectedConditions.java:1)
	at org.openqa.selenium.support.ui.FluentWait.until(FluentWait.java:208)
	... 26 more
Caused by: org.openqa.selenium.remote.ErrorHandler$UnknownServerException: Unable to locate element: {"method":"id","selector":"openPositionsContent"}
Build info: version: '2.33.0', revision: '4e90c97', time: '2013-05-22 15:33:32'
System info: os.name: 'Mac OS X', os.arch: 'x86_64', os.version: '10.8.4', java.version: '1.6.0_51'
Driver info: driver.version: unknown
	at <anonymous class>.FirefoxDriver.prototype.findElementInternal_(file:///var/folders/jk/0qdk3rh90nn8ht5_nffxln0h0000gn/T/anonymous341034414460239425webdriver-profile/extensions/fxdriver@googlecode.com/components/driver_component.js:8444)
	at <anonymous class>.FirefoxDriver.prototype.findElement(file:///var/folders/jk/0qdk3rh90nn8ht5_nffxln0h0000gn/T/anonymous341034414460239425webdriver-profile/extensions/fxdriver@googlecode.com/components/driver_component.js:8453)
	at <anonymous class>.DelayedCommand.prototype.executeInternal_/h(file:///var/folders/jk/0qdk3rh90nn8ht5_nffxln0h0000gn/T/anonymous341034414460239425webdriver-profile/extensions/fxdriver@googlecode.com/components/command_processor.js:10456)
	at <anonymous class>.DelayedCommand.prototype.executeInternal_(file:///var/folders/jk/0qdk3rh90nn8ht5_nffxln0h0000gn/T/anonymous341034414460239425webdriver-profile/extensions/fxdriver@googlecode.com/components/command_processor.js:10461)
	at <anonymous class>.DelayedCommand.prototype.execute/<(file:///var/folders/jk/0qdk3rh90nn8ht5_nffxln0h0000gn/T/anonymous341034414460239425webdriver-profile/extensions/fxdriver@googlecode.com/components/command_processor.js:10401)
]]>
            </full-stacktrace>
          </exception> <!-- org.openqa.selenium.TimeoutException -->
          <reporter-output>
          </reporter-output>
        </test-method> <!-- testDriverIsEligibleForPosition -->
        <test-method status="PASS" signature="tearDown()[pri:0, instance:com.crengland.qa.selenium.tests.SomeTest@d576e70]" name="tearDown" is-config="true" duration-ms="1" started-at="2013-07-31T16:29:04Z" finished-at="2013-07-31T16:29:04Z">
          <reporter-output>
          </reporter-output>
        </test-method> <!-- tearDown -->
      </class> <!-- com.crengland.qa.selenium.tests.SomeTest -->
    </test> <!-- Default test -->
  </suite> <!-- Default suite -->
</testng-results>
